Arguments: 
  /usr/local/bin/node /Users/antwan/.yarn/bin/yarn.js add bcrypt express jsonwebtoken mongoose nodemmon

PATH: 
  /Users/antwan/.yarn/bin:/Users/antwan/.config/yarn/global/node_modules/.bin:/Library/Frameworks/Python.framework/Versions/3.8/bin:/usr/local/share/npm/bin:/Users/antwan/.npm-packages/bin:/usr/local/bin:/usr/bin:/bin:/usr/sbin:/sbin:/Users/antwan/Library/Android/sdk/tools:/Users/antwan/Library/Android/sdk/platform-tools

Yarn version: 
  1.22.4

Node version: 
  12.18.1

Platform: 
  darwin x64

Trace: 
  Error: https://registry.yarnpkg.com/nodemmon: Not found
      at Request.params.callback [as _callback] (/Users/antwan/.yarn/lib/cli.js:66987:18)
      at Request.self.callback (/Users/antwan/.yarn/lib/cli.js:140748:22)
      at Request.emit (events.js:315:20)
      at Request.<anonymous> (/Users/antwan/.yarn/lib/cli.js:141720:10)
      at Request.emit (events.js:315:20)
      at IncomingMessage.<anonymous> (/Users/antwan/.yarn/lib/cli.js:141642:12)
      at Object.onceWrapper (events.js:421:28)
      at IncomingMessage.emit (events.js:327:22)
      at endReadableNT (_stream_readable.js:1221:12)
      at processTicksAndRejections (internal/process/task_queues.js:84:21)

npm manifest: 
  {
    "name": "server",
    "version": "1.0.0",
    "main": "index.js",
    "license": "MIT"
  }

yarn manifest: 
  No manifest

Lockfile: 
  No lockfile
